Sat Jan 19 2019 00:01:40 GMT-0500 (Eastern Standard Time): GET /
Sat Jan 19 2019 10:24:32 GMT-0500 (Eastern Standard Time): GET /about
Sat Jan 19 2019 10:25:50 GMT-0500 (Eastern Standard Time): GET /about
Sat Jan 19 2019 10:27:12 GMT-0500 (Eastern Standard Time): GET /about
Sat Jan 19 2019 10:27:16 GMT-0500 (Eastern Standard Time): GET /
Sat Jan 19 2019 10:27:22 GMT-0500 (Eastern Standard Time): GET /contact
Sat Jan 19 2019 10:28:09 GMT-0500 (Eastern Standard Time): GET /contact
Sat Jan 19 2019 10:28:19 GMT-0500 (Eastern Standard Time): GET /about
Sat Jan 19 2019 10:29:24 GMT-0500 (Eastern Standard Time): GET /about
Sat Jan 19 2019 10:30:00 GMT-0500 (Eastern Standard Time): GET /
Sat Jan 19 2019 10:30:34 GMT-0500 (Eastern Standard Time): GET /
Sat Jan 19 2019 10:30:44 GMT-0500 (Eastern Standard Time): GET /
Sat Jan 19 2019 10:30:49 GMT-0500 (Eastern Standard Time): GET /
Sat Jan 19 2019 10:30:53 GMT-0500 (Eastern Standard Time): GET /about
Sat Jan 19 2019 10:31:22 GMT-0500 (Eastern Standard Time): GET /about
Sat Jan 19 2019 10:31:29 GMT-0500 (Eastern Standard Time): GET /contact
Sat Jan 19 2019 14:31:20 GMT-0500 (Eastern Standard Time): POST /post
Sat Jan 19 2019 14:50:57 GMT-0500 (Eastern Standard Time): POST /post
Sat Jan 19 2019 15:05:43 GMT-0500 (Eastern Standard Time): POST /post
Sat Jan 19 2019 15:08:25 GMT-0500 (Eastern Standard Time): POST /parks
Sat Jan 19 2019 15:09:34 GMT-0500 (Eastern Standard Time): POST /parks
Sat Jan 19 2019 15:11:38 GMT-0500 (Eastern Standard Time): GET /post
Sat Jan 19 2019 15:13:25 GMT-0500 (Eastern Standard Time): GET /post
Sat Jan 19 2019 15:13:43 GMT-0500 (Eastern Standard Time): GET /parks
Sat Jan 19 2019 15:13:56 GMT-0500 (Eastern Standard Time): POST /parks
Sat Jan 19 2019 15:15:32 GMT-0500 (Eastern Standard Time): POST /parks
Sat Jan 19 2019 15:16:49 GMT-0500 (Eastern Standard Time): POST /parks
Sat Jan 19 2019 15:18:21 GMT-0500 (Eastern Standard Time): POST /parks
Sat Jan 19 2019 15:19:45 GMT-0500 (Eastern Standard Time): POST /parks
Sat Jan 19 2019 15:19:55 GMT-0500 (Eastern Standard Time): POST /parks
Sat Jan 19 2019 15:20:05 GMT-0500 (Eastern Standard Time): POST /parks
Sat Jan 19 2019 15:22:02 GMT-0500 (Eastern Standard Time): POST /parks
Sat Jan 19 2019 15:22:35 GMT-0500 (Eastern Standard Time): POST /parks
Sat Jan 19 2019 15:24:27 GMT-0500 (Eastern Standard Time): POST /parks
Sat Jan 19 2019 15:25:49 GMT-0500 (Eastern Standard Time): POST /parks
Sat Jan 19 2019 15:27:02 GMT-0500 (Eastern Standard Time): POST /parks
Sat Jan 19 2019 15:30:26 GMT-0500 (Eastern Standard Time): POST /parks
Sat Jan 19 2019 15:30:50 GMT-0500 (Eastern Standard Time): POST /parks
Sat Jan 19 2019 15:31:05 GMT-0500 (Eastern Standard Time): POST /parks
Sat Jan 19 2019 15:31:29 GMT-0500 (Eastern Standard Time): POST /parks
Sat Jan 19 2019 15:31:40 GMT-0500 (Eastern Standard Time): POST /parks
Sat Jan 19 2019 15:32:15 GMT-0500 (Eastern Standard Time): POST /parks
Sat Jan 19 2019 15:33:41 GMT-0500 (Eastern Standard Time): POST /parks
Sat Jan 19 2019 15:33:56 GMT-0500 (Eastern Standard Time): POST /parks
Sat Jan 19 2019 15:34:36 GMT-0500 (Eastern Standard Time): GET /
Sat Jan 19 2019 15:34:36 GMT-0500 (Eastern Standard Time): GET /apple-touch-icon-precomposed.png
Sat Jan 19 2019 15:34:36 GMT-0500 (Eastern Standard Time): GET /apple-touch-icon.png
Sat Jan 19 2019 15:34:36 GMT-0500 (Eastern Standard Time): GET /favicon.ico
Sat Jan 19 2019 15:34:36 GMT-0500 (Eastern Standard Time): GET /apple-touch-icon-precomposed.png
Sat Jan 19 2019 15:34:36 GMT-0500 (Eastern Standard Time): GET /apple-touch-icon.png
Sat Jan 19 2019 15:34:36 GMT-0500 (Eastern Standard Time): GET /favicon.ico
Sat Jan 19 2019 15:34:36 GMT-0500 (Eastern Standard Time): GET /
Sat Jan 19 2019 15:34:36 GMT-0500 (Eastern Standard Time): GET /apple-touch-icon-precomposed.png
Sat Jan 19 2019 15:34:36 GMT-0500 (Eastern Standard Time): GET /apple-touch-icon.png
Sat Jan 19 2019 15:34:36 GMT-0500 (Eastern Standard Time): GET /favicon.ico
Sat Jan 19 2019 15:34:36 GMT-0500 (Eastern Standard Time): GET /apple-touch-icon-precomposed.png
Sat Jan 19 2019 15:34:36 GMT-0500 (Eastern Standard Time): GET /apple-touch-icon.png
Sat Jan 19 2019 15:34:36 GMT-0500 (Eastern Standard Time): GET /favicon.ico
Sat Jan 19 2019 15:36:55 GMT-0500 (Eastern Standard Time): POST /parks
Sat Jan 19 2019 15:41:49 GMT-0500 (Eastern Standard Time): POST /parks
Sat Jan 19 2019 15:41:59 GMT-0500 (Eastern Standard Time): POST /parks
Sat Jan 19 2019 15:42:08 GMT-0500 (Eastern Standard Time): POST /parks
Sat Jan 19 2019 15:43:20 GMT-0500 (Eastern Standard Time): POST /parks
Sat Jan 19 2019 15:44:42 GMT-0500 (Eastern Standard Time): POST /parks
Sat Jan 19 2019 15:45:06 GMT-0500 (Eastern Standard Time): POST /parks
Sat Jan 19 2019 15:45:36 GMT-0500 (Eastern Standard Time): POST /parks
Sat Jan 19 2019 15:47:25 GMT-0500 (Eastern Standard Time): POST /parks
Sat Jan 19 2019 15:50:25 GMT-0500 (Eastern Standard Time): POST /parks
Sat Jan 19 2019 15:53:38 GMT-0500 (Eastern Standard Time): POST /parks
Sat Jan 19 2019 15:54:58 GMT-0500 (Eastern Standard Time): POST /parks
Sat Jan 19 2019 15:55:42 GMT-0500 (Eastern Standard Time): POST /parks
Sat Jan 19 2019 15:56:03 GMT-0500 (Eastern Standard Time): POST /parks
Sat Jan 19 2019 15:56:13 GMT-0500 (Eastern Standard Time): POST /parks
Sat Jan 19 2019 15:56:47 GMT-0500 (Eastern Standard Time): POST /parks
Sat Jan 19 2019 15:57:15 GMT-0500 (Eastern Standard Time): POST /parks
Sat Jan 19 2019 15:57:25 GMT-0500 (Eastern Standard Time): POST /parks
Sat Jan 19 2019 15:59:29 GMT-0500 (Eastern Standard Time): POST /parks
Sat Jan 19 2019 16:00:07 GMT-0500 (Eastern Standard Time): POST /parks
Sat Jan 19 2019 16:00:44 GMT-0500 (Eastern Standard Time): POST /parks
Sat Jan 19 2019 16:01:01 GMT-0500 (Eastern Standard Time): POST /parks
Sat Jan 19 2019 16:03:28 GMT-0500 (Eastern Standard Time): GET /parks
Sat Jan 19 2019 16:03:45 GMT-0500 (Eastern Standard Time): GET /parks
Sat Jan 19 2019 16:04:04 GMT-0500 (Eastern Standard Time): GET /parks
Sat Jan 19 2019 16:06:41 GMT-0500 (Eastern Standard Time): GET /parks
Sat Jan 19 2019 16:06:54 GMT-0500 (Eastern Standard Time): GET /parks
Sat Jan 19 2019 16:08:41 GMT-0500 (Eastern Standard Time): GET /parks?5c43900d1dbcda8ec783ea5a
Sat Jan 19 2019 16:08:55 GMT-0500 (Eastern Standard Time): GET /parks?id=5c43900d1dbcda8ec783ea5a
Sat Jan 19 2019 16:09:20 GMT-0500 (Eastern Standard Time): GET /parks?id=5c438ffc1dbcda8ec783ea59
Sat Jan 19 2019 16:09:35 GMT-0500 (Eastern Standard Time): GET /parks?id=5c438ffc1dbcda8ec783ea59
Sat Jan 19 2019 16:10:29 GMT-0500 (Eastern Standard Time): GET /parks?id=5c438ffc1dbcda8ec783ea59
Sat Jan 19 2019 16:10:52 GMT-0500 (Eastern Standard Time): GET /parks?5c438ffc1dbcda8ec783ea59
Sat Jan 19 2019 16:11:59 GMT-0500 (Eastern Standard Time): GET /parks/5c438ffc1dbcda8ec783ea59
Sat Jan 19 2019 16:14:03 GMT-0500 (Eastern Standard Time): DELETE /parks/5c438ffc1dbcda8ec783ea59
Sat Jan 19 2019 16:22:48 GMT-0500 (Eastern Standard Time): GET /contact
Sat Jan 19 2019 16:31:00 GMT-0500 (Eastern Standard Time): GET /contact
Sat Jan 19 2019 16:31:08 GMT-0500 (Eastern Standard Time): GET /contact
Sat Jan 19 2019 16:31:17 GMT-0500 (Eastern Standard Time): GET /contact
Sat Jan 19 2019 16:33:56 GMT-0500 (Eastern Standard Time): GET /contact
Sat Jan 19 2019 16:33:58 GMT-0500 (Eastern Standard Time): GET /contact
Sat Jan 19 2019 16:40:56 GMT-0500 (Eastern Standard Time): GET /
Sat Jan 19 2019 16:43:35 GMT-0500 (Eastern Standard Time): GET /
Sat Jan 19 2019 16:48:32 GMT-0500 (Eastern Standard Time): GET /
Sat Jan 19 2019 16:59:59 GMT-0500 (Eastern Standard Time): POST /parks/5c438ffc1dbcda8ec783ea59
Sat Jan 19 2019 17:00:16 GMT-0500 (Eastern Standard Time): POST /parks/5c438ffc1dbcda8ec783ea59
Sat Jan 19 2019 17:00:26 GMT-0500 (Eastern Standard Time): POST /parks
Sat Jan 19 2019 17:43:46 GMT-0500 (Eastern Standard Time): GET /
Sat Jan 19 2019 17:43:51 GMT-0500 (Eastern Standard Time): GET /about
Sat Jan 19 2019 22:29:15 GMT-0500 (Eastern Standard Time): GET /about
Sat Jan 19 2019 22:29:21 GMT-0500 (Eastern Standard Time): GET /
Sat Jan 19 2019 22:29:36 GMT-0500 (Eastern Standard Time): POST /parks
Sat Jan 19 2019 22:30:47 GMT-0500 (Eastern Standard Time): POST /parks
Mon Jan 21 2019 18:06:40 GMT-0500 (Eastern Standard Time): GET /parks
Mon Jan 21 2019 18:08:30 GMT-0500 (Eastern Standard Time): GET /
Mon Jan 21 2019 18:09:06 GMT-0500 (Eastern Standard Time): GET /parks
Mon Jan 21 2019 18:09:32 GMT-0500 (Eastern Standard Time): POST /parks
Mon Jan 21 2019 18:09:37 GMT-0500 (Eastern Standard Time): GET /parks
Mon Jan 21 2019 18:28:19 GMT-0500 (Eastern Standard Time): GET /parks
Mon Jan 21 2019 18:28:37 GMT-0500 (Eastern Standard Time): GET /parks.hbs
Mon Jan 21 2019 18:29:01 GMT-0500 (Eastern Standard Time): GET /views/parks.hbs
Mon Jan 21 2019 18:29:25 GMT-0500 (Eastern Standard Time): GET /views/parks.hbs
Mon Jan 21 2019 18:36:29 GMT-0500 (Eastern Standard Time): GET /views/parks.hbs
Mon Jan 21 2019 18:36:42 GMT-0500 (Eastern Standard Time): GET /views/parks.hbs
Mon Jan 21 2019 18:37:00 GMT-0500 (Eastern Standard Time): GET /parks.hbs
Mon Jan 21 2019 18:37:04 GMT-0500 (Eastern Standard Time): GET /parks
Mon Jan 21 2019 18:38:32 GMT-0500 (Eastern Standard Time): GET /parks.hbs
Mon Jan 21 2019 18:38:35 GMT-0500 (Eastern Standard Time): GET /parks.hbs
Mon Jan 21 2019 18:39:08 GMT-0500 (Eastern Standard Time): GET /parkList
Mon Jan 21 2019 18:39:16 GMT-0500 (Eastern Standard Time): GET /parkList
Mon Jan 21 2019 18:40:49 GMT-0500 (Eastern Standard Time): GET /parkList
Mon Jan 21 2019 18:49:19 GMT-0500 (Eastern Standard Time): GET /parkList
Mon Jan 21 2019 18:49:33 GMT-0500 (Eastern Standard Time): GET /parkList.hbs
Mon Jan 21 2019 18:49:51 GMT-0500 (Eastern Standard Time): GET /parkList.hbs
Mon Jan 21 2019 18:49:53 GMT-0500 (Eastern Standard Time): GET /parkList.hbs
Mon Jan 21 2019 18:49:57 GMT-0500 (Eastern Standard Time): GET /parkList
Mon Jan 21 2019 18:50:24 GMT-0500 (Eastern Standard Time): GET /parkList
Mon Jan 21 2019 18:50:37 GMT-0500 (Eastern Standard Time): GET /parkList
Mon Jan 21 2019 18:54:30 GMT-0500 (Eastern Standard Time): GET /parkList
Mon Jan 21 2019 18:55:30 GMT-0500 (Eastern Standard Time): GET /parkList
Mon Jan 21 2019 18:55:37 GMT-0500 (Eastern Standard Time): GET /parks
Mon Jan 21 2019 18:55:50 GMT-0500 (Eastern Standard Time): GET /parks
Mon Jan 21 2019 18:55:58 GMT-0500 (Eastern Standard Time): GET /parks
Mon Jan 21 2019 18:56:32 GMT-0500 (Eastern Standard Time): GET /parks
Mon Jan 21 2019 18:57:48 GMT-0500 (Eastern Standard Time): GET /parks
Mon Jan 21 2019 19:04:11 GMT-0500 (Eastern Standard Time): GET /parks
Mon Jan 21 2019 19:05:12 GMT-0500 (Eastern Standard Time): GET /parks
Mon Jan 21 2019 19:09:33 GMT-0500 (Eastern Standard Time): GET /parks
Mon Jan 21 2019 19:09:53 GMT-0500 (Eastern Standard Time): GET /parks
Mon Jan 21 2019 19:15:52 GMT-0500 (Eastern Standard Time): GET /parks
Mon Jan 21 2019 19:15:53 GMT-0500 (Eastern Standard Time): GET /parks
Mon Jan 21 2019 19:17:40 GMT-0500 (Eastern Standard Time): GET /parks
Mon Jan 21 2019 19:17:55 GMT-0500 (Eastern Standard Time): GET /parks
Mon Jan 21 2019 19:18:15 GMT-0500 (Eastern Standard Time): GET /parks
Mon Jan 21 2019 19:19:28 GMT-0500 (Eastern Standard Time): GET /parks
Mon Jan 21 2019 19:20:30 GMT-0500 (Eastern Standard Time): GET /parks
Mon Jan 21 2019 19:21:02 GMT-0500 (Eastern Standard Time): GET /parks
Mon Jan 21 2019 19:30:09 GMT-0500 (Eastern Standard Time): GET /parks
Mon Jan 21 2019 19:31:17 GMT-0500 (Eastern Standard Time): GET /parks
Mon Jan 21 2019 19:31:45 GMT-0500 (Eastern Standard Time): GET /parks
Mon Jan 21 2019 19:35:49 GMT-0500 (Eastern Standard Time): GET /parks
Mon Jan 21 2019 19:36:20 GMT-0500 (Eastern Standard Time): GET /parks
Mon Jan 21 2019 19:37:15 GMT-0500 (Eastern Standard Time): GET /parks
Mon Jan 21 2019 19:37:18 GMT-0500 (Eastern Standard Time): GET /parks
Mon Jan 21 2019 19:37:33 GMT-0500 (Eastern Standard Time): GET /parks
Mon Jan 21 2019 19:38:02 GMT-0500 (Eastern Standard Time): GET /parks
Mon Jan 21 2019 19:40:29 GMT-0500 (Eastern Standard Time): GET /parks
Mon Jan 21 2019 19:40:55 GMT-0500 (Eastern Standard Time): GET /parks
Mon Jan 21 2019 19:41:17 GMT-0500 (Eastern Standard Time): GET /parks
Mon Jan 21 2019 19:41:55 GMT-0500 (Eastern Standard Time): GET /parks
Mon Jan 21 2019 19:45:30 GMT-0500 (Eastern Standard Time): GET /parks
Mon Jan 21 2019 19:45:39 GMT-0500 (Eastern Standard Time): GET /parks
Mon Jan 21 2019 19:45:52 GMT-0500 (Eastern Standard Time): GET /parks
Mon Jan 21 2019 19:46:44 GMT-0500 (Eastern Standard Time): GET /parks
Mon Jan 21 2019 19:46:46 GMT-0500 (Eastern Standard Time): GET /parks
Mon Jan 21 2019 19:47:26 GMT-0500 (Eastern Standard Time): GET /parks
Mon Jan 21 2019 19:47:32 GMT-0500 (Eastern Standard Time): GET /parks
Mon Jan 21 2019 19:49:15 GMT-0500 (Eastern Standard Time): GET /parks
Mon Jan 21 2019 19:50:41 GMT-0500 (Eastern Standard Time): GET /parks
Mon Jan 21 2019 19:51:28 GMT-0500 (Eastern Standard Time): GET /parks
Mon Jan 21 2019 19:52:29 GMT-0500 (Eastern Standard Time): GET /parks
Mon Jan 21 2019 19:54:17 GMT-0500 (Eastern Standard Time): GET /parks
Mon Jan 21 2019 19:55:42 GMT-0500 (Eastern Standard Time): GET /parks
Mon Jan 21 2019 19:55:54 GMT-0500 (Eastern Standard Time): GET /visitedParks
Mon Jan 21 2019 19:58:27 GMT-0500 (Eastern Standard Time): GET /visitedParks
Mon Jan 21 2019 19:59:06 GMT-0500 (Eastern Standard Time): GET /visitedParks
Mon Jan 21 2019 19:59:19 GMT-0500 (Eastern Standard Time): GET /visitedParks
Mon Jan 21 2019 20:00:56 GMT-0500 (Eastern Standard Time): GET /visitedParks
Mon Jan 21 2019 20:01:28 GMT-0500 (Eastern Standard Time): GET /visitedParks
Mon Jan 21 2019 20:02:27 GMT-0500 (Eastern Standard Time): GET /visitedParks
Mon Jan 21 2019 20:03:31 GMT-0500 (Eastern Standard Time): GET /visitedParks
Mon Jan 21 2019 20:04:02 GMT-0500 (Eastern Standard Time): GET /visitedParks
Mon Jan 21 2019 20:05:02 GMT-0500 (Eastern Standard Time): GET /visitedParks
Mon Jan 21 2019 20:06:55 GMT-0500 (Eastern Standard Time): GET /allParks
Mon Jan 21 2019 20:12:05 GMT-0500 (Eastern Standard Time): GET /allParks:5c46512ccc52b9b719753450
Mon Jan 21 2019 20:12:21 GMT-0500 (Eastern Standard Time): GET /parks:5c46512ccc52b9b719753450
Mon Jan 21 2019 20:12:46 GMT-0500 (Eastern Standard Time): GET /parks:5c46512ccc52b9b719753450
Mon Jan 21 2019 20:12:48 GMT-0500 (Eastern Standard Time): GET /parks:5c46512ccc52b9b719753450
Mon Jan 21 2019 20:13:29 GMT-0500 (Eastern Standard Time): GET /parks/:5c46512ccc52b9b719753450
Mon Jan 21 2019 20:13:37 GMT-0500 (Eastern Standard Time): GET /parks:5c46512ccc52b9b719753450
Mon Jan 21 2019 20:13:44 GMT-0500 (Eastern Standard Time): GET /parks/5c46512ccc52b9b719753450
Mon Jan 21 2019 20:14:08 GMT-0500 (Eastern Standard Time): GET /parks/5c46512ccc52b9b719753450
Mon Jan 21 2019 20:14:47 GMT-0500 (Eastern Standard Time): GET /parks/5c46512ccc52b9b719753450
Mon Jan 21 2019 20:14:57 GMT-0500 (Eastern Standard Time): GET /parks/5c46512ccc52b9b719753450
Mon Jan 21 2019 20:17:35 GMT-0500 (Eastern Standard Time): GET /parks/5c46512ccc52b9b719753450
Mon Jan 21 2019 20:18:50 GMT-0500 (Eastern Standard Time): GET /parks/5c46512ccc52b9b719753450
Mon Jan 21 2019 20:18:52 GMT-0500 (Eastern Standard Time): GET /parks/5c46512ccc52b9b719753450
Mon Jan 21 2019 20:19:02 GMT-0500 (Eastern Standard Time): GET /parks/5c46512ccc52b9b719753450
Mon Jan 21 2019 20:19:44 GMT-0500 (Eastern Standard Time): GET /parks/5c46512ccc52b9b719753450
Mon Jan 21 2019 20:20:46 GMT-0500 (Eastern Standard Time): GET /parks/5c46512ccc52b9b719753450
Mon Jan 21 2019 20:21:45 GMT-0500 (Eastern Standard Time): GET /parks/5c46512ccc52b9b719753450
Mon Jan 21 2019 20:21:47 GMT-0500 (Eastern Standard Time): GET /parks/5c46512ccc52b9b719753450
Mon Jan 21 2019 20:24:14 GMT-0500 (Eastern Standard Time): GET /parks/5c46512ccc52b9b719753450
Mon Jan 21 2019 20:24:16 GMT-0500 (Eastern Standard Time): GET /parks/5c46512ccc52b9b719753450
Mon Jan 21 2019 20:30:28 GMT-0500 (Eastern Standard Time): GET /parks/5c46512ccc52b9b719753450
Mon Jan 21 2019 20:33:03 GMT-0500 (Eastern Standard Time): GET /parks/5c46512ccc52b9b719753450
Mon Jan 21 2019 20:33:24 GMT-0500 (Eastern Standard Time): GET /parks/5c46512ccc52b9b719753450
Mon Jan 21 2019 20:39:26 GMT-0500 (Eastern Standard Time): GET /parks/5c46512ccc52b9b719753450
Mon Jan 21 2019 20:46:37 GMT-0500 (Eastern Standard Time): GET /parks/5c46512ccc52b9b719753450
Mon Jan 21 2019 20:54:23 GMT-0500 (Eastern Standard Time): GET /parks/5c46512ccc52b9b719753450
Mon Jan 21 2019 20:57:34 GMT-0500 (Eastern Standard Time): GET /parks/5c46512ccc52b9b719753450
Mon Jan 21 2019 21:00:31 GMT-0500 (Eastern Standard Time): GET /parks/5c46512ccc52b9b719753450
Mon Jan 21 2019 21:02:13 GMT-0500 (Eastern Standard Time): GET /parks/5c46512ccc52b9b719753450
Mon Jan 21 2019 21:02:36 GMT-0500 (Eastern Standard Time): GET /parks/5c46512ccc52b9b719753450
Mon Jan 21 2019 21:04:14 GMT-0500 (Eastern Standard Time): GET /parks/5c46512ccc52b9b719753450
Mon Jan 21 2019 21:05:20 GMT-0500 (Eastern Standard Time): GET /parks/5c43eb671c8f73ad0549f5b1
Mon Jan 21 2019 21:05:37 GMT-0500 (Eastern Standard Time): GET /parks/5c46512ccc52b9b719753450
Mon Jan 21 2019 21:06:36 GMT-0500 (Eastern Standard Time): GET /parks/5c46512ccc52b9b719753450
Mon Jan 21 2019 21:06:41 GMT-0500 (Eastern Standard Time): GET /parks
Mon Jan 21 2019 21:06:48 GMT-0500 (Eastern Standard Time): GET /parks/
Mon Jan 21 2019 21:06:59 GMT-0500 (Eastern Standard Time): GET /allParks
Mon Jan 21 2019 21:07:15 GMT-0500 (Eastern Standard Time): GET /allParks/5c46512ccc52b9b719753450
Mon Jan 21 2019 21:07:21 GMT-0500 (Eastern Standard Time): GET /parks/5c46512ccc52b9b719753450
Mon Jan 21 2019 21:12:01 GMT-0500 (Eastern Standard Time): GET /parks/5c46512ccc52b9b719753450
Mon Jan 21 2019 21:20:34 GMT-0500 (Eastern Standard Time): GET /parks/5c46512ccc52b9b719753450
Mon Jan 21 2019 21:21:07 GMT-0500 (Eastern Standard Time): GET /parks/5c46512ccc52b9b719753450
Mon Jan 21 2019 21:21:30 GMT-0500 (Eastern Standard Time): GET /parks/5c46512ccc52b9b719753450
Mon Jan 21 2019 21:24:37 GMT-0500 (Eastern Standard Time): GET /parks/5c46512ccc52b9b719753450
Mon Jan 21 2019 21:26:25 GMT-0500 (Eastern Standard Time): GET /parks/5c46512ccc52b9b719753450
Mon Jan 21 2019 21:26:42 GMT-0500 (Eastern Standard Time): GET /parks/5c46512ccc52b9b719753450
Mon Jan 21 2019 21:29:16 GMT-0500 (Eastern Standard Time): GET /parks/5c46512ccc52b9b719753450
Mon Jan 21 2019 21:36:37 GMT-0500 (Eastern Standard Time): GET /
Mon Jan 21 2019 21:36:37 GMT-0500 (Eastern Standard Time): GET /apple-touch-icon-precomposed.png
Mon Jan 21 2019 21:36:37 GMT-0500 (Eastern Standard Time): GET /apple-touch-icon.png
Mon Jan 21 2019 21:36:37 GMT-0500 (Eastern Standard Time): GET /favicon.ico
Mon Jan 21 2019 21:36:37 GMT-0500 (Eastern Standard Time): GET /apple-touch-icon-precomposed.png
Mon Jan 21 2019 21:36:37 GMT-0500 (Eastern Standard Time): GET /apple-touch-icon.png
Mon Jan 21 2019 21:36:37 GMT-0500 (Eastern Standard Time): GET /favicon.ico
Mon Jan 21 2019 21:36:37 GMT-0500 (Eastern Standard Time): GET /
Mon Jan 21 2019 21:36:37 GMT-0500 (Eastern Standard Time): GET /apple-touch-icon-precomposed.png
Mon Jan 21 2019 21:36:37 GMT-0500 (Eastern Standard Time): GET /apple-touch-icon.png
Mon Jan 21 2019 21:36:37 GMT-0500 (Eastern Standard Time): GET /favicon.ico
Mon Jan 21 2019 21:36:37 GMT-0500 (Eastern Standard Time): GET /apple-touch-icon-precomposed.png
Mon Jan 21 2019 21:36:37 GMT-0500 (Eastern Standard Time): GET /apple-touch-icon.png
Mon Jan 21 2019 21:36:37 GMT-0500 (Eastern Standard Time): GET /favicon.ico
Mon Jan 21 2019 21:55:17 GMT-0500 (Eastern Standard Time): GET /park/5c46512ccc52b9b719753450
Mon Jan 21 2019 21:55:22 GMT-0500 (Eastern Standard Time): GET /parks/5c46512ccc52b9b719753450
Mon Jan 21 2019 22:36:56 GMT-0500 (Eastern Standard Time): GET /parks/5c46512ccc52b9b719753450
Mon Jan 21 2019 22:37:37 GMT-0500 (Eastern Standard Time): GET /parks/5c46512ccc52b9b719753450
Mon Jan 21 2019 22:40:16 GMT-0500 (Eastern Standard Time): GET /parks/5c46512ccc52b9b719753450
Mon Jan 21 2019 22:43:28 GMT-0500 (Eastern Standard Time): GET /parks/5c46512ccc52b9b719753450
Mon Jan 21 2019 22:44:58 GMT-0500 (Eastern Standard Time): GET /parks/5c46512ccc52b9b719753450
Mon Jan 21 2019 22:48:38 GMT-0500 (Eastern Standard Time): GET /parks/5c46512ccc52b9b719753450
Mon Jan 21 2019 22:49:04 GMT-0500 (Eastern Standard Time): GET /parks/5c46512ccc52b9b719753450
Mon Jan 21 2019 22:52:08 GMT-0500 (Eastern Standard Time): GET /parks/5c46512ccc52b9b719753450
Mon Jan 21 2019 22:52:49 GMT-0500 (Eastern Standard Time): GET /parks/5c46512ccc52b9b719753450
Mon Jan 21 2019 22:53:21 GMT-0500 (Eastern Standard Time): GET /parks/5c46512ccc52b9b719753450
Mon Jan 21 2019 22:54:06 GMT-0500 (Eastern Standard Time): GET /parks
Mon Jan 21 2019 22:54:54 GMT-0500 (Eastern Standard Time): GET /allParks
Mon Jan 21 2019 22:55:17 GMT-0500 (Eastern Standard Time): GET /allParks
Mon Jan 21 2019 23:00:23 GMT-0500 (Eastern Standard Time): GET /allParks
Mon Jan 21 2019 23:00:33 GMT-0500 (Eastern Standard Time): GET /parks
Mon Jan 21 2019 23:00:35 GMT-0500 (Eastern Standard Time): GET /parks/allParks
Mon Jan 21 2019 23:01:06 GMT-0500 (Eastern Standard Time): GET /views/parks/allParks
Mon Jan 21 2019 23:02:52 GMT-0500 (Eastern Standard Time): GET /allParks
Mon Jan 21 2019 23:03:12 GMT-0500 (Eastern Standard Time): GET /parks/5c46512ccc52b9b719753450
Mon Jan 21 2019 23:05:21 GMT-0500 (Eastern Standard Time): GET /visitedParks
Mon Jan 21 2019 23:13:12 GMT-0500 (Eastern Standard Time): PATCH /parks/5c43eb671c8f73ad0549f5b1
Mon Jan 21 2019 23:14:16 GMT-0500 (Eastern Standard Time): PATCH /parks/5c43eb671c8f73ad0549f5b1
Mon Jan 21 2019 23:14:28 GMT-0500 (Eastern Standard Time): GET /visitedParks
Mon Jan 21 2019 23:14:48 GMT-0500 (Eastern Standard Time): PATCH /parks/5c43eb671c8f73ad0549f5b1
Mon Jan 21 2019 23:14:50 GMT-0500 (Eastern Standard Time): GET /visitedParks
Tue Jan 22 2019 08:42:41 GMT-0500 (Eastern Standard Time): GET /
Tue Jan 22 2019 08:42:41 GMT-0500 (Eastern Standard Time): GET /apple-touch-icon-precomposed.png
Tue Jan 22 2019 08:42:41 GMT-0500 (Eastern Standard Time): GET /apple-touch-icon.png
Tue Jan 22 2019 08:42:41 GMT-0500 (Eastern Standard Time): GET /favicon.ico
Tue Jan 22 2019 08:42:41 GMT-0500 (Eastern Standard Time): GET /apple-touch-icon-precomposed.png
Tue Jan 22 2019 08:42:41 GMT-0500 (Eastern Standard Time): GET /apple-touch-icon.png
Tue Jan 22 2019 08:42:41 GMT-0500 (Eastern Standard Time): GET /favicon.ico
Tue Jan 22 2019 08:42:41 GMT-0500 (Eastern Standard Time): GET /
Tue Jan 22 2019 08:42:41 GMT-0500 (Eastern Standard Time): GET /apple-touch-icon-precomposed.png
Tue Jan 22 2019 08:42:41 GMT-0500 (Eastern Standard Time): GET /apple-touch-icon.png
Tue Jan 22 2019 08:42:41 GMT-0500 (Eastern Standard Time): GET /favicon.ico
Tue Jan 22 2019 08:42:41 GMT-0500 (Eastern Standard Time): GET /apple-touch-icon-precomposed.png
Tue Jan 22 2019 08:42:41 GMT-0500 (Eastern Standard Time): GET /apple-touch-icon.png
Tue Jan 22 2019 08:42:41 GMT-0500 (Eastern Standard Time): GET /favicon.ico
Tue Jan 22 2019 13:32:55 GMT-0500 (Eastern Standard Time): GET /
Tue Jan 22 2019 13:32:55 GMT-0500 (Eastern Standard Time): GET /apple-touch-icon-precomposed.png
Tue Jan 22 2019 13:32:55 GMT-0500 (Eastern Standard Time): GET /apple-touch-icon.png
Tue Jan 22 2019 13:32:55 GMT-0500 (Eastern Standard Time): GET /favicon.ico
Tue Jan 22 2019 13:32:55 GMT-0500 (Eastern Standard Time): GET /apple-touch-icon-precomposed.png
Tue Jan 22 2019 13:32:55 GMT-0500 (Eastern Standard Time): GET /apple-touch-icon.png
Tue Jan 22 2019 13:32:55 GMT-0500 (Eastern Standard Time): GET /favicon.ico
Tue Jan 22 2019 13:32:55 GMT-0500 (Eastern Standard Time): GET /
Tue Jan 22 2019 13:32:55 GMT-0500 (Eastern Standard Time): GET /apple-touch-icon-precomposed.png
Tue Jan 22 2019 13:32:55 GMT-0500 (Eastern Standard Time): GET /apple-touch-icon.png
Tue Jan 22 2019 13:32:55 GMT-0500 (Eastern Standard Time): GET /favicon.ico
Tue Jan 22 2019 13:32:55 GMT-0500 (Eastern Standard Time): GET /apple-touch-icon-precomposed.png
Tue Jan 22 2019 13:32:55 GMT-0500 (Eastern Standard Time): GET /apple-touch-icon.png
Tue Jan 22 2019 13:32:55 GMT-0500 (Eastern Standard Time): GET /favicon.ico
